d:\h\pikuma\3dgraphicsc\visualstudioversion\vs3drenderer\vs3drenderer\debug\vc141.pdb
d:\h\pikuma\3dgraphicsc\visualstudioversion\vs3drenderer\vs3drenderer\debug\vc141.idb
d:\h\pikuma\3dgraphicsc\visualstudioversion\vs3drenderer\vs3drenderer\debug\vector.obj
d:\h\pikuma\3dgraphicsc\visualstudioversion\vs3drenderer\vs3drenderer\debug\triangle.obj
d:\h\pikuma\3dgraphicsc\visualstudioversion\vs3drenderer\vs3drenderer\debug\mesh.obj
d:\h\pikuma\3dgraphicsc\visualstudioversion\vs3drenderer\vs3drenderer\debug\matrix.obj
d:\h\pikuma\3dgraphicsc\visualstudioversion\vs3drenderer\vs3drenderer\debug\main.obj
d:\h\pikuma\3dgraphicsc\visualstudioversion\vs3drenderer\vs3drenderer\debug\display.obj
d:\h\pikuma\3dgraphicsc\visualstudioversion\vs3drenderer\vs3drenderer\debug\array.obj
d:\h\pikuma\3dgraphicsc\visualstudioversion\vs3drenderer\vs3drenderer\debug\light.obj
d:\h\pikuma\3dgraphicsc\visualstudioversion\vs3drenderer\vs3drenderer\debug\texture.obj
d:\h\pikuma\3dgraphicsc\visualstudioversion\vs3drenderer\debug\vs3drenderer.ilk
d:\h\pikuma\3dgraphicsc\visualstudioversion\vs3drenderer\debug\vs3drenderer.exe
d:\h\pikuma\3dgraphicsc\visualstudioversion\vs3drenderer\debug\vs3drenderer.pdb
d:\h\pikuma\3dgraphicsc\visualstudioversion\vs3drenderer\vs3drenderer\debug\vs3drenderer.tlog\cl.command.1.tlog
d:\h\pikuma\3dgraphicsc\visualstudioversion\vs3drenderer\vs3drenderer\debug\vs3drenderer.tlog\cl.read.1.tlog
d:\h\pikuma\3dgraphicsc\visualstudioversion\vs3drenderer\vs3drenderer\debug\vs3drenderer.tlog\cl.write.1.tlog
d:\h\pikuma\3dgraphicsc\visualstudioversion\vs3drenderer\vs3drenderer\debug\vs3drenderer.tlog\link.command.1.tlog
d:\h\pikuma\3dgraphicsc\visualstudioversion\vs3drenderer\vs3drenderer\debug\vs3drenderer.tlog\link.read.1.tlog
d:\h\pikuma\3dgraphicsc\visualstudioversion\vs3drenderer\vs3drenderer\debug\vs3drenderer.tlog\link.write.1.tlog
